<?xml version="1.0" encoding="UTF-8"?>
<!-- Generated by org.testng.reporters.JUnitReportReporter -->
<testsuite hostname="Viveks-MBP.attlocal.net" failures="0" tests="3" name="com.datadriven.method.CRMLoginDataProvider" time="8.344" errors="0" timestamp="2022-09-01T14:13:23 EDT" skipped="0">
  <testcase classname="com.datadriven.method.CRMLoginDataProvider" name="CRMLogin" time="2.469"/>
  <system-out/>
  <testcase classname="com.datadriven.method.CRMLoginDataProvider" name="CRMLogin" time="3.623"/>
  <system-out/>
  <testcase classname="com.datadriven.method.CRMLoginDataProvider" name="CRMLogin" time="2.252"/>
  <system-out/>
</testsuite> <!-- com.datadriven.method.CRMLoginDataProvider -->
